0 info it worked if it ends with ok
1 verbose cli [ 'C:\\Program Files\\nodejs\\\\node.exe',
1 verbose cli   'C:\\Program Files\\nodejs\\node_modules\\npm\\bin\\npm-cli.js',
1 verbose cli   'install',
1 verbose cli   'time',
1 verbose cli   '--save' ]
2 info using npm@2.5.1
3 info using node@v0.12.0
4 verbose node symlink C:\Program Files\nodejs\\node.exe
5 silly cache add args [ 'time', null ]
6 verbose cache add spec time
7 silly cache add parsed spec { raw: 'time',
7 silly cache add   scope: null,
7 silly cache add   name: 'time',
7 silly cache add   rawSpec: '',
7 silly cache add   spec: '*',
7 silly cache add   type: 'range' }
8 verbose addNamed time@*
9 silly addNamed semver.valid null
10 silly addNamed semver.validRange *
11 silly addNameRange { name: 'time', range: '*', hasData: false }
12 silly mapToRegistry name time
13 silly mapToRegistry using default registry
14 silly mapToRegistry registry https://registry.npmjs.org/
15 silly mapToRegistry uri https://registry.npmjs.org/time
16 verbose addNameRange registry:https://registry.npmjs.org/time not in flight; fetching
17 verbose request uri https://registry.npmjs.org/time
18 verbose request no auth needed
19 info attempt registry request try #1 at 6:16:46 PM
20 verbose request id 32220628b42381cd
21 http request GET https://registry.npmjs.org/time
22 http 200 https://registry.npmjs.org/time
23 silly get cb [ 200,
23 silly get   { date: 'Thu, 12 Mar 2015 10:16:41 GMT',
23 silly get     server: 'CouchDB/1.5.0 (Erlang OTP/R16B03)',
23 silly get     etag: '"4B7B28E2ZZVST2X7J99Y3315H"',
23 silly get     'content-type': 'application/json',
23 silly get     'cache-control': 'max-age=60',
23 silly get     'content-length': '39161',
23 silly get     'accept-ranges': 'bytes',
23 silly get     via: '1.1 varnish',
23 silly get     age: '0',
23 silly get     'x-served-by': 'cache-hkg6826-HKG',
23 silly get     'x-cache': 'MISS',
23 silly get     'x-cache-hits': '0',
23 silly get     'x-timer': 'S1426155400.571060,VS0,VE588',
23 silly get     vary: 'Accept',
23 silly get     'keep-alive': 'timeout=10, max=50',
23 silly get     connection: 'Keep-Alive' } ]
24 verbose get saving time to C:\Users\aedrian\AppData\Roaming\npm-cache\registry.npmjs.org\time\.cache.json
25 silly addNameRange number 2 { name: 'time', range: '*', hasData: true }
26 silly addNameRange versions [ 'time',
26 silly addNameRange   [ '0.0.1',
26 silly addNameRange     '0.0.2',
26 silly addNameRange     '0.0.3',
26 silly addNameRange     '0.1.0',
26 silly addNameRange     '0.1.1',
26 silly addNameRange     '0.1.2',
26 silly addNameRange     '0.1.3',
26 silly addNameRange     '0.1.4',
26 silly addNameRange     '0.2.0',
26 silly addNameRange     '0.2.1',
26 silly addNameRange     '0.2.2',
26 silly addNameRange     '0.2.3',
26 silly addNameRange     '0.3.0',
26 silly addNameRange     '0.3.1',
26 silly addNameRange     '0.3.2',
26 silly addNameRange     '0.4.0',
26 silly addNameRange     '0.5.0',
26 silly addNameRange     '0.6.0',
26 silly addNameRange     '0.6.2',
26 silly addNameRange     '0.6.3',
26 silly addNameRange     '0.6.4',
26 silly addNameRange     '0.6.5',
26 silly addNameRange     '0.7.0',
26 silly addNameRange     '0.8.0',
26 silly addNameRange     '0.8.1',
26 silly addNameRange     '0.8.2',
26 silly addNameRange     '0.8.3',
26 silly addNameRange     '0.8.4',
26 silly addNameRange     '0.9.0',
26 silly addNameRange     '0.9.1',
26 silly addNameRange     '0.9.2',
26 silly addNameRange     '0.10.0',
26 silly addNameRange     '0.11.0',
26 silly addNameRange     '0.11.1' ] ]
27 verbose addNamed time@0.11.1
28 silly addNamed semver.valid 0.11.1
29 silly addNamed semver.validRange 0.11.1
30 silly mapToRegistry name time
31 silly mapToRegistry using default registry
32 silly mapToRegistry registry https://registry.npmjs.org/
33 silly mapToRegistry uri https://registry.npmjs.org/time
34 verbose addRemoteTarball https://registry.npmjs.org/time/-/time-0.11.1.tgz not in flight; adding
35 verbose addRemoteTarball [ 'https://registry.npmjs.org/time/-/time-0.11.1.tgz',
35 verbose addRemoteTarball   'acfc8e922a73e3b21a645928cc4061738929edf2' ]
36 info retry fetch attempt 1 at 6:16:47 PM
37 info attempt registry request try #1 at 6:16:47 PM
38 http fetch GET https://registry.npmjs.org/time/-/time-0.11.1.tgz
39 http fetch 200 https://registry.npmjs.org/time/-/time-0.11.1.tgz
40 silly fetchAndShaCheck shasum acfc8e922a73e3b21a645928cc4061738929edf2
41 verbose addTmpTarball C:\Users\aedrian\AppData\Local\Temp\npm-4728-4a2729b6\registry.npmjs.org\time\-\time-0.11.1.tgz not in flight; adding
42 verbose addTmpTarball already have metadata; skipping unpack for time@0.11.1
43 silly cache afterAdd time@0.11.1
44 verbose afterAdd C:\Users\aedrian\AppData\Roaming\npm-cache\time\0.11.1\package\package.json not in flight; writing
45 verbose afterAdd C:\Users\aedrian\AppData\Roaming\npm-cache\time\0.11.1\package\package.json written
46 silly install resolved [ { name: 'time',
46 silly install resolved     description: '"time.h" bindings for Node.js',
46 silly install resolved     keywords:
46 silly install resolved      [ 'date',
46 silly install resolved        'time',
46 silly install resolved        'time.h',
46 silly install resolved        'timezone',
46 silly install resolved        'setTimezone',
46 silly install resolved        'getTimezone' ],
46 silly install resolved     version: '0.11.1',
46 silly install resolved     repository:
46 silly install resolved      { type: 'git',
46 silly install resolved        url: 'git://github.com/TooTallNate/node-time.git' },
46 silly install resolved     author:
46 silly install resolved      { name: 'Nathan Rajlich',
46 silly install resolved        email: 'nathan@tootallnate.net',
46 silly install resolved        url: 'http://tootallnate.net' },
46 silly install resolved     license: 'MIT',
46 silly install resolved     contributors: [ [Object] ],
46 silly install resolved     main: './index.js',
46 silly install resolved     scripts: { test: 'mocha --reporter spec', install: 'node-gyp rebuild' },
46 silly install resolved     dependencies: { bindings: '1.2.0', debug: '0.8.1', nan: '1.6.2' },
46 silly install resolved     devDependencies: { mocha: '*' },
46 silly install resolved     gypfile: true,
46 silly install resolved     gitHead: '29093c88e59cf7773d986886d0b6ca032148e389',
46 silly install resolved     bugs: { url: 'https://github.com/TooTallNate/node-time/issues' },
46 silly install resolved     homepage: 'https://github.com/TooTallNate/node-time',
46 silly install resolved     _id: 'time@0.11.1',
46 silly install resolved     _shasum: 'acfc8e922a73e3b21a645928cc4061738929edf2',
46 silly install resolved     _from: 'time@*',
46 silly install resolved     _npmVersion: '2.5.1',
46 silly install resolved     _nodeVersion: '0.12.0',
46 silly install resolved     _npmUser: { name: 'tootallnate', email: 'nathan@tootallnate.net' },
46 silly install resolved     maintainers: [ [Object], [Object] ],
46 silly install resolved     dist:
46 silly install resolved      { shasum: 'acfc8e922a73e3b21a645928cc4061738929edf2',
46 silly install resolved        tarball: 'http://registry.npmjs.org/time/-/time-0.11.1.tgz' },
46 silly install resolved     directories: {},
46 silly install resolved     _resolved: 'https://registry.npmjs.org/time/-/time-0.11.1.tgz' } ]
47 info install time@0.11.1 into C:\Users\aedrian\Codes\web\fabula-node
48 info installOne time@0.11.1
49 verbose installOne of time to C:\Users\aedrian\Codes\web\fabula-node not in flight; installing
50 verbose lock using C:\Users\aedrian\AppData\Roaming\npm-cache\_locks\time-0fca20b7e0a66435.lock for C:\Users\aedrian\Codes\web\fabula-node\node_modules\time
51 silly install write writing time 0.11.1 to C:\Users\aedrian\Codes\web\fabula-node\node_modules\time
52 silly cache addNamed cb time@0.11.1
53 verbose unbuild node_modules\time
54 verbose gentlyRm vacuuming C:\Users\aedrian\Codes\web\fabula-node\node_modules\time
55 verbose tar unpack C:\Users\aedrian\AppData\Roaming\npm-cache\time\0.11.1\package.tgz
56 verbose tar unpacking to C:\Users\aedrian\Codes\web\fabula-node\node_modules\time
57 verbose gentlyRm vacuuming C:\Users\aedrian\Codes\web\fabula-node\node_modules\time
58 silly gunzTarPerm modes [ '777', '666' ]
59 silly gunzTarPerm extractEntry package.json
60 silly gunzTarPerm modified mode [ 'package.json', 420, 438 ]
61 silly gunzTarPerm extractEntry .npmignore
62 silly gunzTarPerm modified mode [ '.npmignore', 420, 438 ]
63 silly gunzTarPerm extractEntry README.md
64 silly gunzTarPerm modified mode [ 'README.md', 420, 438 ]
65 silly gunzTarPerm extractEntry LICENSE
66 silly gunzTarPerm modified mode [ 'LICENSE', 420, 438 ]
67 silly gunzTarPerm extractEntry index.js
68 silly gunzTarPerm modified mode [ 'index.js', 420, 438 ]
69 silly gunzTarPerm extractEntry History.md
70 silly gunzTarPerm modified mode [ 'History.md', 420, 438 ]
71 silly gunzTarPerm extractEntry .jshintrc
72 silly gunzTarPerm modified mode [ '.jshintrc', 420, 438 ]
73 silly gunzTarPerm extractEntry binding.gyp
74 silly gunzTarPerm modified mode [ 'binding.gyp', 420, 438 ]
75 silly gunzTarPerm extractEntry .travis.yml
76 silly gunzTarPerm modified mode [ '.travis.yml', 420, 438 ]
77 silly gunzTarPerm extractEntry src/time.cc
78 silly gunzTarPerm modified mode [ 'src/time.cc', 420, 438 ]
79 silly gunzTarPerm extractEntry test/date.js
80 silly gunzTarPerm modified mode [ 'test/date.js', 420, 438 ]
81 silly gunzTarPerm extractEntry test/exports.js
82 silly gunzTarPerm modified mode [ 'test/exports.js', 420, 438 ]
83 silly gunzTarPerm extractEntry test/tzset.js
84 silly gunzTarPerm modified mode [ 'test/tzset.js', 420, 438 ]
85 info preinstall time@0.11.1
86 silly prepareForInstallMany adding bindings@1.2.0 from time dependencies
87 silly prepareForInstallMany adding debug@0.8.1 from time dependencies
88 silly prepareForInstallMany adding nan@1.6.2 from time dependencies
89 silly cache add args [ 'bindings@1.2.0', null ]
90 verbose cache add spec bindings@1.2.0
91 silly cache add parsed spec { raw: 'bindings@1.2.0',
91 silly cache add   scope: null,
91 silly cache add   name: 'bindings',
91 silly cache add   rawSpec: '1.2.0',
91 silly cache add   spec: '1.2.0',
91 silly cache add   type: 'version' }
92 verbose addNamed bindings@1.2.0
93 silly addNamed semver.valid 1.2.0
94 silly addNamed semver.validRange 1.2.0
95 silly mapToRegistry name bindings
96 silly mapToRegistry using default registry
97 silly mapToRegistry registry https://registry.npmjs.org/
98 silly mapToRegistry uri https://registry.npmjs.org/bindings
99 verbose addNameVersion registry:https://registry.npmjs.org/bindings not in flight; fetching
100 silly cache add args [ 'debug@0.8.1', null ]
101 verbose cache add spec debug@0.8.1
102 silly cache add parsed spec { raw: 'debug@0.8.1',
102 silly cache add   scope: null,
102 silly cache add   name: 'debug',
102 silly cache add   rawSpec: '0.8.1',
102 silly cache add   spec: '0.8.1',
102 silly cache add   type: 'version' }
103 verbose addNamed debug@0.8.1
104 silly addNamed semver.valid 0.8.1
105 silly addNamed semver.validRange 0.8.1
106 silly mapToRegistry name debug
107 silly mapToRegistry using default registry
108 silly mapToRegistry registry https://registry.npmjs.org/
109 silly mapToRegistry uri https://registry.npmjs.org/debug
110 verbose addNameVersion registry:https://registry.npmjs.org/debug not in flight; fetching
111 silly cache add args [ 'nan@1.6.2', null ]
112 verbose cache add spec nan@1.6.2
113 silly cache add parsed spec { raw: 'nan@1.6.2',
113 silly cache add   scope: null,
113 silly cache add   name: 'nan',
113 silly cache add   rawSpec: '1.6.2',
113 silly cache add   spec: '1.6.2',
113 silly cache add   type: 'version' }
114 verbose addNamed nan@1.6.2
115 silly addNamed semver.valid 1.6.2
116 silly addNamed semver.validRange 1.6.2
117 silly mapToRegistry name nan
118 silly mapToRegistry using default registry
119 silly mapToRegistry registry https://registry.npmjs.org/
120 silly mapToRegistry uri https://registry.npmjs.org/nan
121 verbose addNameVersion registry:https://registry.npmjs.org/nan not in flight; fetching
122 verbose request uri https://registry.npmjs.org/bindings
123 verbose request no auth needed
124 info attempt registry request try #1 at 6:16:49 PM
125 http request GET https://registry.npmjs.org/bindings
126 verbose request uri https://registry.npmjs.org/nan
127 verbose request no auth needed
128 info attempt registry request try #1 at 6:16:49 PM
129 http request GET https://registry.npmjs.org/nan
130 verbose request uri https://registry.npmjs.org/debug
131 verbose request no auth needed
132 info attempt registry request try #1 at 6:16:49 PM
133 verbose etag "ARUAQO733DL5WYFIY0XTB8M7Z"
134 http request GET https://registry.npmjs.org/debug
135 http 200 https://registry.npmjs.org/bindings
136 silly get cb [ 200,
136 silly get   { date: 'Thu, 12 Mar 2015 10:16:43 GMT',
136 silly get     server: 'CouchDB/1.5.0 (Erlang OTP/R16B03)',
136 silly get     etag: '"BJGP1201ZXLWX88VO1W0N0YSR"',
136 silly get     'content-type': 'application/json',
136 silly get     'cache-control': 'max-age=60',
136 silly get     'content-length': '18313',
136 silly get     'accept-ranges': 'bytes',
136 silly get     via: '1.1 varnish',
136 silly get     age: '27',
136 silly get     'x-served-by': 'cache-hkg6821-HKG',
136 silly get     'x-cache': 'HIT',
136 silly get     'x-cache-hits': '1',
136 silly get     'x-timer': 'S1426155403.191126,VS0,VE0',
136 silly get     vary: 'Accept',
136 silly get     'keep-alive': 'timeout=10, max=50',
136 silly get     connection: 'Keep-Alive' } ]
137 verbose get saving bindings to C:\Users\aedrian\AppData\Roaming\npm-cache\registry.npmjs.org\bindings\.cache.json
138 silly mapToRegistry name bindings
139 silly mapToRegistry using default registry
140 silly mapToRegistry registry https://registry.npmjs.org/
141 silly mapToRegistry uri https://registry.npmjs.org/bindings
142 verbose addRemoteTarball https://registry.npmjs.org/bindings/-/bindings-1.2.0.tgz not in flight; adding
143 verbose addRemoteTarball [ 'https://registry.npmjs.org/bindings/-/bindings-1.2.0.tgz',
143 verbose addRemoteTarball   'c224fc5b349a84043779f97a6271d9d70da7636f' ]
144 info retry fetch attempt 1 at 6:16:49 PM
145 info attempt registry request try #1 at 6:16:49 PM
146 http fetch GET https://registry.npmjs.org/bindings/-/bindings-1.2.0.tgz
147 http 200 https://registry.npmjs.org/nan
148 silly get cb [ 200,
148 silly get   { date: 'Thu, 12 Mar 2015 10:16:43 GMT',
148 silly get     server: 'CouchDB/1.5.0 (Erlang OTP/R16B03)',
148 silly get     etag: '"12EHA1PNRCCAOAQY0AIBQ9ET9"',
148 silly get     'content-type': 'application/json',
148 silly get     'cache-control': 'max-age=60',
148 silly get     'content-length': '101336',
148 silly get     'accept-ranges': 'bytes',
148 silly get     via: '1.1 varnish',
148 silly get     age: '8',
148 silly get     'x-served-by': 'cache-hkg6825-HKG',
148 silly get     'x-cache': 'HIT',
148 silly get     'x-cache-hits': '1',
148 silly get     'x-timer': 'S1426155403.210592,VS0,VE0',
148 silly get     vary: 'Accept',
148 silly get     'keep-alive': 'timeout=10, max=50',
148 silly get     connection: 'Keep-Alive' } ]
149 verbose get saving nan to C:\Users\aedrian\AppData\Roaming\npm-cache\registry.npmjs.org\nan\.cache.json
150 silly mapToRegistry name nan
151 silly mapToRegistry using default registry
152 silly mapToRegistry registry https://registry.npmjs.org/
153 silly mapToRegistry uri https://registry.npmjs.org/nan
154 verbose addRemoteTarball https://registry.npmjs.org/nan/-/nan-1.6.2.tgz not in flight; adding
155 verbose addRemoteTarball [ 'https://registry.npmjs.org/nan/-/nan-1.6.2.tgz',
155 verbose addRemoteTarball   '2657d1c43b00f1e847e083832285b7d8f5ba8ec8' ]
156 info retry fetch attempt 1 at 6:16:49 PM
157 info attempt registry request try #1 at 6:16:49 PM
158 http fetch GET https://registry.npmjs.org/nan/-/nan-1.6.2.tgz
159 http fetch 200 https://registry.npmjs.org/nan/-/nan-1.6.2.tgz
160 silly fetchAndShaCheck shasum 2657d1c43b00f1e847e083832285b7d8f5ba8ec8
161 verbose addTmpTarball C:\Users\aedrian\AppData\Local\Temp\npm-4728-4a2729b6\registry.npmjs.org\nan\-\nan-1.6.2.tgz not in flight; adding
162 verbose addTmpTarball already have metadata; skipping unpack for nan@1.6.2
163 silly cache afterAdd nan@1.6.2
164 verbose afterAdd C:\Users\aedrian\AppData\Roaming\npm-cache\nan\1.6.2\package\package.json not in flight; writing
165 verbose afterAdd C:\Users\aedrian\AppData\Roaming\npm-cache\nan\1.6.2\package\package.json written
166 http 304 https://registry.npmjs.org/debug
167 silly get cb [ 304,
167 silly get   { date: 'Thu, 12 Mar 2015 10:16:43 GMT',
167 silly get     server: 'Apache',
167 silly get     via: '1.1 varnish',
167 silly get     'last-modified': 'Thu, 12 Mar 2015 10:16:43 GMT',
167 silly get     'cache-control': 'max-age=60',
167 silly get     etag: '"ARUAQO733DL5WYFIY0XTB8M7Z"',
167 silly get     age: '0',
167 silly get     'x-served-by': 'cache-hkg6821-HKG',
167 silly get     'x-cache': 'HIT',
167 silly get     'x-cache-hits': '1',
167 silly get     'x-timer': 'S1426155403.203670,VS0,VE737',
167 silly get     vary: 'Accept',
167 silly get     'content-length': '0',
167 silly get     'keep-alive': 'timeout=10, max=50',
167 silly get     connection: 'Keep-Alive' } ]
168 verbose etag https://registry.npmjs.org/debug from cache
169 verbose get saving debug to C:\Users\aedrian\AppData\Roaming\npm-cache\registry.npmjs.org\debug\.cache.json
170 silly cache afterAdd debug@0.8.1
171 verbose afterAdd C:\Users\aedrian\AppData\Roaming\npm-cache\debug\0.8.1\package\package.json not in flight; writing
172 verbose afterAdd C:\Users\aedrian\AppData\Roaming\npm-cache\debug\0.8.1\package\package.json written
173 http fetch 200 https://registry.npmjs.org/bindings/-/bindings-1.2.0.tgz
174 silly fetchAndShaCheck shasum c224fc5b349a84043779f97a6271d9d70da7636f
175 verbose addTmpTarball C:\Users\aedrian\AppData\Local\Temp\npm-4728-4a2729b6\registry.npmjs.org\bindings\-\bindings-1.2.0.tgz not in flight; adding
176 verbose addTmpTarball already have metadata; skipping unpack for bindings@1.2.0
177 silly cache afterAdd bindings@1.2.0
178 verbose afterAdd C:\Users\aedrian\AppData\Roaming\npm-cache\bindings\1.2.0\package\package.json not in flight; writing
179 verbose afterAdd C:\Users\aedrian\AppData\Roaming\npm-cache\bindings\1.2.0\package\package.json written
180 silly install resolved [ { name: 'nan',
180 silly install resolved     version: '1.6.2',
180 silly install resolved     description: 'Native Abstractions for Node.js: C++ header for Node 0.8->0.12 compatibility',
180 silly install resolved     main: 'include_dirs.js',
180 silly install resolved     repository: { type: 'git', url: 'git://github.com/rvagg/nan.git' },
180 silly install resolved     scripts:
180 silly install resolved      { test: 'tap --gc test/js/*-test.js',
180 silly install resolved        'rebuild-tests': 'pangyp rebuild --directory test' },
180 silly install resolved     contributors:
180 silly install resolved      [ [Object],
180 silly install resolved        [Object],
180 silly install resolved        [Object],
180 silly install resolved        [Object],
180 silly install resolved        [Object],
180 silly install resolved        [Object],
180 silly install resolved        [Object] ],
180 silly install resolved     devDependencies:
180 silly install resolved      { bindings: '~1.2.1',
180 silly install resolved        'node-gyp': '~1.0.2',
180 silly install resolved        pangyp: '~2.0.1',
180 silly install resolved        tap: '~0.5.0',
180 silly install resolved        xtend: '~4.0.0' },
180 silly install resolved     license: 'MIT',
180 silly install resolved     gitHead: 'ab0e5eed8d4aa36111bf8f44cf75644ece327e98',
180 silly install resolved     bugs: { url: 'https://github.com/rvagg/nan/issues' },
180 silly install resolved     homepage: 'https://github.com/rvagg/nan',
180 silly install resolved     _id: 'nan@1.6.2',
180 silly install resolved     _shasum: '2657d1c43b00f1e847e083832285b7d8f5ba8ec8',
180 silly install resolved     _from: 'nan@1.6.2',
180 silly install resolved     _npmVersion: '2.0.0',
180 silly install resolved     _npmUser: { name: 'kkoopa', email: 'bbyholm@abo.fi' },
180 silly install resolved     maintainers: [ [Object], [Object] ],
180 silly install resolved     dist:
180 silly install resolved      { shasum: '2657d1c43b00f1e847e083832285b7d8f5ba8ec8',
180 silly install resolved        tarball: 'http://registry.npmjs.org/nan/-/nan-1.6.2.tgz' },
180 silly install resolved     directories: {},
180 silly install resolved     _resolved: 'https://registry.npmjs.org/nan/-/nan-1.6.2.tgz' },
180 silly install resolved   { name: 'debug',
180 silly install resolved     version: '0.8.1',
180 silly install resolved     repository: { type: 'git', url: 'git://github.com/visionmedia/debug.git' },
180 silly install resolved     description: 'small debugging utility',
180 silly install resolved     keywords: [ 'debug', 'log', 'debugger' ],
180 silly install resolved     author: { name: 'TJ Holowaychuk', email: 'tj@vision-media.ca' },
180 silly install resolved     dependencies: {},
180 silly install resolved     devDependencies: { mocha: '*' },
180 silly install resolved     main: 'lib/debug.js',
180 silly install resolved     browser: './debug.js',
180 silly install resolved     engines: { node: '*' },
180 silly install resolved     files: [ 'lib/debug.js', 'debug.js' ],
180 silly install resolved     component: { scripts: [Object] },
180 silly install resolved     bugs: { url: 'https://github.com/visionmedia/debug/issues' },
180 silly install resolved     homepage: 'https://github.com/visionmedia/debug',
180 silly install resolved     _id: 'debug@0.8.1',
180 silly install resolved     dist:
180 silly install resolved      { shasum: '20ff4d26f5e422cb68a1bacbbb61039ad8c1c130',
180 silly install resolved        tarball: 'http://registry.npmjs.org/debug/-/debug-0.8.1.tgz' },
180 silly install resolved     _from: 'debug@0.8.1',
180 silly install resolved     _npmVersion: '1.3.21',
180 silly install resolved     _npmUser: { name: 'tjholowaychuk', email: 'tj@vision-media.ca' },
180 silly install resolved     maintainers: [ [Object] ],
180 silly install resolved     directories: {},
180 silly install resolved     _shasum: '20ff4d26f5e422cb68a1bacbbb61039ad8c1c130',
180 silly install resolved     _resolved: 'https://registry.npmjs.org/debug/-/debug-0.8.1.tgz',
180 silly install resolved     readme: 'ERROR: No README data found!' },
180 silly install resolved   { name: 'bindings',
180 silly install resolved     description: 'Helper module for loading your native module\'s .node file',
180 silly install resolved     keywords: [ 'native', 'addon', 'bindings', 'gyp', 'waf', 'c', 'c++' ],
180 silly install resolved     version: '1.2.0',
180 silly install resolved     author:
180 silly install resolved      { name: 'Nathan Rajlich',
180 silly install resolved        email: 'nathan@tootallnate.net',
180 silly install resolved        url: 'http://tootallnate.net' },
180 silly install resolved     repository:
180 silly install resolved      { type: 'git',
180 silly install resolved        url: 'git://github.com/TooTallNate/node-bindings.git' },
180 silly install resolved     main: './bindings.js',
180 silly install resolved     bugs: { url: 'https://github.com/TooTallNate/node-bindings/issues' },
180 silly install resolved     homepage: 'https://github.com/TooTallNate/node-bindings',
180 silly install resolved     _id: 'bindings@1.2.0',
180 silly install resolved     dist:
180 silly install resolved      { shasum: 'c224fc5b349a84043779f97a6271d9d70da7636f',
180 silly install resolved        tarball: 'http://registry.npmjs.org/bindings/-/bindings-1.2.0.tgz' },
180 silly install resolved     _from: 'bindings@1.2.0',
180 silly install resolved     _npmVersion: '1.4.3',
180 silly install resolved     _npmUser: { name: 'tootallnate', email: 'nathan@tootallnate.net' },
180 silly install resolved     maintainers: [ [Object], [Object] ],
180 silly install resolved     directories: {},
180 silly install resolved     _shasum: 'c224fc5b349a84043779f97a6271d9d70da7636f',
180 silly install resolved     _resolved: 'https://registry.npmjs.org/bindings/-/bindings-1.2.0.tgz' } ]
181 info install nan@1.6.2 into C:\Users\aedrian\Codes\web\fabula-node\node_modules\time
182 info install debug@0.8.1 into C:\Users\aedrian\Codes\web\fabula-node\node_modules\time
183 info install bindings@1.2.0 into C:\Users\aedrian\Codes\web\fabula-node\node_modules\time
184 info installOne nan@1.6.2
185 verbose installOne of nan to C:\Users\aedrian\Codes\web\fabula-node\node_modules\time not in flight; installing
186 info installOne debug@0.8.1
187 verbose installOne of debug to C:\Users\aedrian\Codes\web\fabula-node\node_modules\time not in flight; installing
188 info installOne bindings@1.2.0
189 verbose installOne of bindings to C:\Users\aedrian\Codes\web\fabula-node\node_modules\time not in flight; installing
190 verbose lock using C:\Users\aedrian\AppData\Roaming\npm-cache\_locks\nan-4652617a57f0bc7c.lock for C:\Users\aedrian\Codes\web\fabula-node\node_modules\time\node_modules\nan
191 verbose lock using C:\Users\aedrian\AppData\Roaming\npm-cache\_locks\debug-e24069fa911977ea.lock for C:\Users\aedrian\Codes\web\fabula-node\node_modules\time\node_modules\debug
192 silly install write writing nan 1.6.2 to C:\Users\aedrian\Codes\web\fabula-node\node_modules\time\node_modules\nan
193 silly install write writing debug 0.8.1 to C:\Users\aedrian\Codes\web\fabula-node\node_modules\time\node_modules\debug
194 silly cache addNamed cb debug@0.8.1
195 verbose unbuild node_modules\time\node_modules\debug
196 verbose lock using C:\Users\aedrian\AppData\Roaming\npm-cache\_locks\bindings-1f4f883d2a2edd8c.lock for C:\Users\aedrian\Codes\web\fabula-node\node_modules\time\node_modules\bindings
197 silly install write writing bindings 1.2.0 to C:\Users\aedrian\Codes\web\fabula-node\node_modules\time\node_modules\bindings
198 verbose gentlyRm vacuuming C:\Users\aedrian\Codes\web\fabula-node\node_modules\time\node_modules\debug
199 verbose tar unpack C:\Users\aedrian\AppData\Roaming\npm-cache\debug\0.8.1\package.tgz
200 verbose tar unpacking to C:\Users\aedrian\Codes\web\fabula-node\node_modules\time\node_modules\debug
201 verbose gentlyRm vacuuming C:\Users\aedrian\Codes\web\fabula-node\node_modules\time\node_modules\debug
202 silly gunzTarPerm modes [ '777', '666' ]
203 silly cache addNamed cb nan@1.6.2
204 verbose unbuild node_modules\time\node_modules\nan
205 verbose gentlyRm vacuuming C:\Users\aedrian\Codes\web\fabula-node\node_modules\time\node_modules\nan
206 silly cache addNamed cb bindings@1.2.0
207 verbose unbuild node_modules\time\node_modules\bindings
208 verbose tar unpack C:\Users\aedrian\AppData\Roaming\npm-cache\nan\1.6.2\package.tgz
209 verbose tar unpacking to C:\Users\aedrian\Codes\web\fabula-node\node_modules\time\node_modules\nan
210 verbose gentlyRm vacuuming C:\Users\aedrian\Codes\web\fabula-node\node_modules\time\node_modules\nan
211 silly gunzTarPerm modes [ '777', '666' ]
212 verbose gentlyRm vacuuming C:\Users\aedrian\Codes\web\fabula-node\node_modules\time\node_modules\bindings
213 verbose tar unpack C:\Users\aedrian\AppData\Roaming\npm-cache\bindings\1.2.0\package.tgz
214 verbose tar unpacking to C:\Users\aedrian\Codes\web\fabula-node\node_modules\time\node_modules\bindings
215 verbose gentlyRm vacuuming C:\Users\aedrian\Codes\web\fabula-node\node_modules\time\node_modules\bindings
216 silly gunzTarPerm modes [ '777', '666' ]
217 silly gunzTarPerm extractEntry package.json
218 silly gunzTarPerm modified mode [ 'package.json', 436, 438 ]
219 silly gunzTarPerm extractEntry package.json
220 silly gunzTarPerm modified mode [ 'package.json', 420, 438 ]
221 silly gunzTarPerm extractEntry package.json
222 silly gunzTarPerm modified mode [ 'package.json', 420, 438 ]
223 silly gunzTarPerm extractEntry include_dirs.js
224 silly gunzTarPerm modified mode [ 'include_dirs.js', 436, 438 ]
225 silly gunzTarPerm extractEntry LICENSE.md
226 silly gunzTarPerm modified mode [ 'LICENSE.md', 436, 438 ]
227 silly gunzTarPerm extractEntry debug.js
228 silly gunzTarPerm modified mode [ 'debug.js', 420, 438 ]
229 silly gunzTarPerm extractEntry Readme.md
230 silly gunzTarPerm modified mode [ 'Readme.md', 420, 438 ]
231 silly gunzTarPerm extractEntry README.md
232 silly gunzTarPerm modified mode [ 'README.md', 420, 438 ]
233 silly gunzTarPerm extractEntry bindings.js
234 silly gunzTarPerm modified mode [ 'bindings.js', 420, 438 ]
235 silly gunzTarPerm extractEntry .dntrc
236 silly gunzTarPerm modified mode [ '.dntrc', 436, 438 ]
237 silly gunzTarPerm extractEntry appveyor.yml
238 silly gunzTarPerm modified mode [ 'appveyor.yml', 436, 438 ]
239 silly gunzTarPerm extractEntry lib/debug.js
240 silly gunzTarPerm modified mode [ 'lib/debug.js', 420, 438 ]
241 silly gunzTarPerm extractEntry nan.h
242 silly gunzTarPerm modified mode [ 'nan.h', 436, 438 ]
243 silly gunzTarPerm extractEntry nan_implementation_12_inl.h
244 silly gunzTarPerm modified mode [ 'nan_implementation_12_inl.h', 436, 438 ]
245 silly gunzTarPerm extractEntry nan_implementation_pre_12_inl.h
246 silly gunzTarPerm modified mode [ 'nan_implementation_pre_12_inl.h', 436, 438 ]
247 silly gunzTarPerm extractEntry nan_new.h
248 silly gunzTarPerm modified mode [ 'nan_new.h', 436, 438 ]
249 silly gunzTarPerm extractEntry nan_string_bytes.h
250 silly gunzTarPerm modified mode [ 'nan_string_bytes.h', 436, 438 ]
251 silly gunzTarPerm extractEntry CHANGELOG.md
252 silly gunzTarPerm modified mode [ 'CHANGELOG.md', 436, 438 ]
253 info preinstall bindings@1.2.0
254 silly install resolved []
255 verbose about to build C:\Users\aedrian\Codes\web\fabula-node\node_modules\time\node_modules\bindings
256 info build C:\Users\aedrian\Codes\web\fabula-node\node_modules\time\node_modules\bindings
257 verbose linkStuff [ false,
257 verbose linkStuff   false,
257 verbose linkStuff   false,
257 verbose linkStuff   'C:\\Users\\aedrian\\Codes\\web\\fabula-node\\node_modules\\time\\node_modules' ]
258 info linkStuff bindings@1.2.0
259 verbose linkBins bindings@1.2.0
260 verbose linkMans bindings@1.2.0
261 verbose rebuildBundles bindings@1.2.0
262 info install bindings@1.2.0
263 info postinstall bindings@1.2.0
264 info preinstall debug@0.8.1
265 verbose unlock done using C:\Users\aedrian\AppData\Roaming\npm-cache\_locks\bindings-1f4f883d2a2edd8c.lock for C:\Users\aedrian\Codes\web\fabula-node\node_modules\time\node_modules\bindings
266 silly install resolved []
267 verbose about to build C:\Users\aedrian\Codes\web\fabula-node\node_modules\time\node_modules\debug
268 info build C:\Users\aedrian\Codes\web\fabula-node\node_modules\time\node_modules\debug
269 verbose linkStuff [ false,
269 verbose linkStuff   false,
269 verbose linkStuff   false,
269 verbose linkStuff   'C:\\Users\\aedrian\\Codes\\web\\fabula-node\\node_modules\\time\\node_modules' ]
270 info linkStuff debug@0.8.1
271 verbose linkBins debug@0.8.1
272 verbose linkMans debug@0.8.1
273 verbose rebuildBundles debug@0.8.1
274 info install debug@0.8.1
275 info postinstall debug@0.8.1
276 verbose unlock done using C:\Users\aedrian\AppData\Roaming\npm-cache\_locks\debug-e24069fa911977ea.lock for C:\Users\aedrian\Codes\web\fabula-node\node_modules\time\node_modules\debug
277 info preinstall nan@1.6.2
278 silly install resolved []
279 verbose about to build C:\Users\aedrian\Codes\web\fabula-node\node_modules\time\node_modules\nan
280 info build C:\Users\aedrian\Codes\web\fabula-node\node_modules\time\node_modules\nan
281 verbose linkStuff [ false,
281 verbose linkStuff   false,
281 verbose linkStuff   false,
281 verbose linkStuff   'C:\\Users\\aedrian\\Codes\\web\\fabula-node\\node_modules\\time\\node_modules' ]
282 info linkStuff nan@1.6.2
283 verbose linkBins nan@1.6.2
284 verbose linkMans nan@1.6.2
285 verbose rebuildBundles nan@1.6.2
286 info install nan@1.6.2
287 info postinstall nan@1.6.2
288 verbose unlock done using C:\Users\aedrian\AppData\Roaming\npm-cache\_locks\nan-4652617a57f0bc7c.lock for C:\Users\aedrian\Codes\web\fabula-node\node_modules\time\node_modules\nan
289 verbose about to build C:\Users\aedrian\Codes\web\fabula-node\node_modules\time
290 info build C:\Users\aedrian\Codes\web\fabula-node\node_modules\time
291 verbose linkStuff [ false,
291 verbose linkStuff   false,
291 verbose linkStuff   false,
291 verbose linkStuff   'C:\\Users\\aedrian\\Codes\\web\\fabula-node\\node_modules' ]
292 info linkStuff time@0.11.1
293 verbose linkBins time@0.11.1
294 verbose linkMans time@0.11.1
295 verbose rebuildBundles time@0.11.1
296 verbose rebuildBundles [ 'bindings', 'debug', 'nan' ]
297 info install time@0.11.1
298 verbose unsafe-perm in lifecycle true
299 info time@0.11.1 Failed to exec install script
300 verbose unlock done using C:\Users\aedrian\AppData\Roaming\npm-cache\_locks\time-0fca20b7e0a66435.lock for C:\Users\aedrian\Codes\web\fabula-node\node_modules\time
301 verbose stack Error: time@0.11.1 install: `node-gyp rebuild`
301 verbose stack Exit status 1
301 verbose stack     at EventEmitter.<anonymous> (C:\Program Files\nodejs\node_modules\npm\lib\utils\lifecycle.js:213:16)
301 verbose stack     at EventEmitter.emit (events.js:110:17)
301 verbose stack     at ChildProcess.<anonymous> (C:\Program Files\nodejs\node_modules\npm\lib\utils\spawn.js:14:12)
301 verbose stack     at ChildProcess.emit (events.js:110:17)
301 verbose stack     at maybeClose (child_process.js:1008:16)
301 verbose stack     at Process.ChildProcess._handle.onexit (child_process.js:1080:5)
302 verbose pkgid time@0.11.1
303 verbose cwd C:\Users\aedrian\Codes\web\fabula-node
304 error Windows_NT 6.3.9600
305 error argv "C:\\Program Files\\nodejs\\\\node.exe" "C:\\Program Files\\nodejs\\node_modules\\npm\\bin\\npm-cli.js" "install" "time" "--save"
306 error node v0.12.0
307 error npm  v2.5.1
308 error code ELIFECYCLE
309 error time@0.11.1 install: `node-gyp rebuild`
309 error Exit status 1
310 error Failed at the time@0.11.1 install script 'node-gyp rebuild'.
310 error This is most likely a problem with the time package,
310 error not with npm itself.
310 error Tell the author that this fails on your system:
310 error     node-gyp rebuild
310 error You can get their info via:
310 error     npm owner ls time
310 error There is likely additional logging output above.
311 verbose exit [ 1, true ]
312 verbose unbuild node_modules\time
313 info preuninstall time@0.11.1
314 info uninstall time@0.11.1
315 verbose unbuild rmStuff time@0.11.1 from C:\Users\aedrian\Codes\web\fabula-node\node_modules
316 info postuninstall time@0.11.1
317 verbose gentlyRm vacuuming C:\Users\aedrian\Codes\web\fabula-node\node_modules\time
318 silly gentlyRm purging C:\Users\aedrian\Codes\web\fabula-node\node_modules\time
319 silly gentlyRm quitting because other entries in C:\Users\aedrian\Codes\web\fabula-node\node_modules
